Build started 2015/6/10 17:20:20.
     1>Project "D:\WorkSpace\DisplayData\DisplayData\DisplayData.vcxproj" on node 2 (build target(s)).
     1>InitializeBuildStatus:
         Creating "Debug\DisplayData.unsuccessfulbuild" because "AlwaysCreate" was specified.
       ClCompile:
         All outputs are up-to-date.
         e:\Program Files\Microsoft Visual Studio 10.0\VC\bin\CL.exe /c /ZI /nologo /W3 /WX- /Od /Oy- /D WIN32 /D _WINDOWS /D _DEBUG /D _MBCS /D _AFXDLL /Gm /EHsc /RTC1 /MDd /GS /fp:precise /Zc:wchar_t /Zc:forScope /Yu"StdAfx.h" /Fp"Debug\DisplayData.pch" /Fo"Debug\\" /Fd"Debug\vc100.pdb" /Gd /TP /analyze- /errorReport:prompt DisplayDataDlg.cpp
         DisplayDataDlg.cpp
     1>d:\workspace\displaydata\displaydata\pegrpapi.h(2618): warning C4005: “PEserializetofile”: 宏重定义
                 d:\workspace\displaydata\displaydata\pegrpapi.h(2542) : 参见“PEserializetofile”的前一个定义
     1>d:\workspace\displaydata\displaydata\displaydatadlg.cpp(286): warning C4244: “=”: 从“int”转换到“float”，可能丢失数据
     1>d:\workspace\displaydata\displaydata\displaydatadlg.cpp(287): warning C4244: “=”: 从“int”转换到“float”，可能丢失数据
     1>d:\workspace\displaydata\displaydata\displaydatadlg.cpp(308): warning C4996: 'fopen': This function or variable may be unsafe. Consider using fopen_s instead. To disable deprecation, use _CRT_SECURE_NO_WARNINGS. See online help for details.
                 e:\program files\microsoft visual studio 10.0\vc\include\stdio.h(234) : 参见“fopen”的声明
     1>d:\workspace\displaydata\displaydata\displaydatadlg.cpp(276): warning C4101: “r1”: 未引用的局部变量
     1>d:\workspace\displaydata\displaydata\displaydatadlg.cpp(276): warning C4101: “r2”: 未引用的局部变量
     1>d:\workspace\displaydata\displaydata\displaydatadlg.cpp(714): warning C4244: “=”: 从“ULONGLONG”转换到“int”，可能丢失数据
       ResourceCompile:
         All outputs are up-to-date.
       ManifestResourceCompile:
         All outputs are up-to-date.
       Link:
         e:\Program Files\Microsoft Visual Studio 10.0\VC\bin\link.exe /ERRORREPORT:PROMPT /OUT:"D:\WorkSpace\DisplayData\Debug\DisplayData.exe" /INCREMENTAL /NOLOGO /MANIFEST /ManifestFile:"Debug\DisplayData.exe.intermediate.manifest" /MANIFESTUAC:"level='asInvoker' uiAccess='false'" /DEBUG /PDB:"D:\WorkSpace\DisplayData\Debug\DisplayData.pdb" /SUBSYSTEM:WINDOWS /TLBID:1 /DYNAMICBASE /NXCOMPAT /IMPLIB:"D:\WorkSpace\DisplayData\Debug\DisplayData.lib" /MACHINE:X86 Debug\DisplayData.res
         Debug\DisplayData.exe.embed.manifest.res
         Debug\DisplayData.obj
         Debug\DisplayDataDlg.obj
         Debug\SerialPort.obj
         Debug\stdafx.obj
         PEGRP32E.lib
       Manifest:
         C:\Program Files\Microsoft SDKs\Windows\v7.0A\bin\mt.exe /nologo /verbose /out:"Debug\DisplayData.exe.embed.manifest" /manifest Debug\DisplayData.exe.intermediate.manifest "e:\Program Files\Microsoft Visual Studio 10.0\VC\Include\Manifest\dpiaware.manifest"
         All outputs are up-to-date.
       LinkEmbedManifest:
         All outputs are up-to-date.
         DisplayData.vcxproj -> D:\WorkSpace\DisplayData\Debug\DisplayData.exe
       FinalizeBuildStatus:
         Deleting file "Debug\DisplayData.unsuccessfulbuild".
         Touching "Debug\DisplayData.lastbuildstate".
     1>Done Building Project "D:\WorkSpace\DisplayData\DisplayData\DisplayData.vcxproj" (build target(s)).

Build succeeded.

Time Elapsed 00:00:12.33
