D:\WORKSPACE\DISPLAYDATA\DEBUG\DISPLAYDATA.EXE
D:\WORKSPACE\DISPLAYDATA\DEBUG\DISPLAYDATA.ILK
D:\WORKSPACE\DISPLAYDATA\DEBUG\DISPLAYDATA.PDB
D:\WorkSpace\DisplayData\DisplayData\Debug\cl.command.1.tlog
D:\WorkSpace\DisplayData\DisplayData\Debug\CL.read.1.tlog
D:\WorkSpace\DisplayData\DisplayData\Debug\CL.write.1.tlog
D:\WORKSPACE\DISPLAYDATA\DISPLAYDATA\DEBUG\DISPLAYDATA.EXE.EMBED.MANIFEST
D:\WORKSPACE\DISPLAYDATA\DISPLAYDATA\DEBUG\DISPLAYDATA.EXE.EMBED.MANIFEST.RES
D:\WORKSPACE\DISPLAYDATA\DISPLAYDATA\DEBUG\DISPLAYDATA.EXE.INTERMEDIATE.MANIFEST
D:\WORKSPACE\DISPLAYDATA\DISPLAYDATA\DEBUG\DISPLAYDATA.OBJ
D:\WORKSPACE\DISPLAYDATA\DISPLAYDATA\DEBUG\DISPLAYDATA.PCH
D:\WORKSPACE\DISPLAYDATA\DISPLAYDATA\DEBUG\DISPLAYDATA.RES
D:\WorkSpace\DisplayData\DisplayData\Debug\DisplayData.vcxprojResolveAssemblyReference.cache
D:\WorkSpace\DisplayData\DisplayData\Debug\DisplayData.write.1.tlog
D:\WorkSpace\DisplayData\DisplayData\Debug\DisplayData_manifest.rc
D:\WORKSPACE\DISPLAYDATA\DISPLAYDATA\DEBUG\DISPLAYDATADLG.OBJ
D:\WorkSpace\DisplayData\DisplayData\Debug\link.10460.read.1.tlog
D:\WorkSpace\DisplayData\DisplayData\Debug\link.10460.write.1.tlog
D:\WorkSpace\DisplayData\DisplayData\Debug\link.10460-cvtres.read.1.tlog
D:\WorkSpace\DisplayData\DisplayData\Debug\link.10460-cvtres.write.1.tlog
D:\WorkSpace\DisplayData\DisplayData\Debug\link.12440.read.1.tlog
D:\WorkSpace\DisplayData\DisplayData\Debug\link.12440.write.1.tlog
D:\WorkSpace\DisplayData\DisplayData\Debug\link.12440-cvtres.read.1.tlog
D:\WorkSpace\DisplayData\DisplayData\Debug\link.12440-cvtres.write.1.tlog
D:\WorkSpace\DisplayData\DisplayData\Debug\link.1872.read.1.tlog
D:\WorkSpace\DisplayData\DisplayData\Debug\link.1872.write.1.tlog
D:\WorkSpace\DisplayData\DisplayData\Debug\link.1872-cvtres.read.1.tlog
D:\WorkSpace\DisplayData\DisplayData\Debug\link.1872-cvtres.write.1.tlog
D:\WorkSpace\DisplayData\DisplayData\Debug\link.2344.read.1.tlog
D:\WorkSpace\DisplayData\DisplayData\Debug\link.2344.write.1.tlog
D:\WorkSpace\DisplayData\DisplayData\Debug\link.2344-cvtres.read.1.tlog
D:\WorkSpace\DisplayData\DisplayData\Debug\link.2344-cvtres.write.1.tlog
D:\WorkSpace\DisplayData\DisplayData\Debug\link.5368.read.1.tlog
D:\WorkSpace\DisplayData\DisplayData\Debug\link.5368.write.1.tlog
D:\WorkSpace\DisplayData\DisplayData\Debug\link.5368-cvtres.read.1.tlog
D:\WorkSpace\DisplayData\DisplayData\Debug\link.5368-cvtres.write.1.tlog
D:\WorkSpace\DisplayData\DisplayData\Debug\link.8504.read.1.tlog
D:\WorkSpace\DisplayData\DisplayData\Debug\link.8504.write.1.tlog
D:\WorkSpace\DisplayData\DisplayData\Debug\link.8504-cvtres.read.1.tlog
D:\WorkSpace\DisplayData\DisplayData\Debug\link.8504-cvtres.write.1.tlog
D:\WorkSpace\DisplayData\DisplayData\Debug\link.8700.read.1.tlog
D:\WorkSpace\DisplayData\DisplayData\Debug\link.8700.write.1.tlog
D:\WorkSpace\DisplayData\DisplayData\Debug\link.8700-cvtres.read.1.tlog
D:\WorkSpace\DisplayData\DisplayData\Debug\link.8700-cvtres.write.1.tlog
D:\WorkSpace\DisplayData\DisplayData\Debug\link.9776.read.1.tlog
D:\WorkSpace\DisplayData\DisplayData\Debug\link.9776.write.1.tlog
D:\WorkSpace\DisplayData\DisplayData\Debug\link.9776-cvtres.read.1.tlog
D:\WorkSpace\DisplayData\DisplayData\Debug\link.9776-cvtres.write.1.tlog
D:\WorkSpace\DisplayData\DisplayData\Debug\link.command.1.tlog
D:\WorkSpace\DisplayData\DisplayData\Debug\link.read.1.tlog
D:\WorkSpace\DisplayData\DisplayData\Debug\link.write.1.tlog
D:\WorkSpace\DisplayData\DisplayData\Debug\link-cvtres.read.1.tlog
D:\WorkSpace\DisplayData\DisplayData\Debug\link-cvtres.write.1.tlog
D:\WorkSpace\DisplayData\DisplayData\Debug\mt.command.1.tlog
D:\WorkSpace\DisplayData\DisplayData\Debug\mt.read.1.tlog
D:\WorkSpace\DisplayData\DisplayData\Debug\mt.write.1.tlog
D:\WorkSpace\DisplayData\DisplayData\Debug\rc.command.1.tlog
D:\WorkSpace\DisplayData\DisplayData\Debug\rc.read.1.tlog
D:\WorkSpace\DisplayData\DisplayData\Debug\rc.write.1.tlog
D:\WORKSPACE\DISPLAYDATA\DISPLAYDATA\DEBUG\SERIALPORT.OBJ
D:\WORKSPACE\DISPLAYDATA\DISPLAYDATA\DEBUG\STDAFX.OBJ
D:\WorkSpace\DisplayData\DisplayData\Debug\vc100.idb
D:\WORKSPACE\DISPLAYDATA\DISPLAYDATA\DEBUG\VC100.PDB
